{"C:\\Users\\Raul\\Desktop\\projects\\cloting-ecommerce\\client\\src\\index.js": {"path":"C:\\Users\\Raul\\Desktop\\projects\\cloting-ecommerce\\client\\src\\index.js","statementMap":{"0":{"start":{"line":13,"column":23},"end":{"line":17,"column":1}},"1":{"start":{"line":14,"column":2},"end":{"line":16,"column":13}},"2":{"start":{"line":19,"column":0},"end":{"line":28,"column":2}},"3":{"start":{"line":31,"column":0},"end":{"line":31,"column":25}}},"fnMap":{"0":{"name":"(anonymous_0)","decl":{"start":{"line":13,"column":23},"end":{"line":13,"column":24}},"loc":{"start":{"line":14,"column":2},"end":{"line":16,"column":13}},"line":14}},"branchMap":{},"s":{"0":0,"1":0,"2":0,"3":0},"f":{"0":0},"b":{},"hash":"b5e2e2d918952c8b49597d7e6531401c92952b38"}
,"C:\\Users\\Raul\\Desktop\\projects\\cloting-ecommerce\\client\\src\\components\\checkout-item\\checkout-item.component.jsx": {"path":"C:\\Users\\Raul\\Desktop\\projects\\cloting-ecommerce\\client\\src\\components\\checkout-item\\checkout-item.component.jsx","statementMap":{"0":{"start":{"line":18,"column":21},"end":{"line":37,"column":1}},"1":{"start":{"line":19,"column":40},"end":{"line":19,"column":48}},"2":{"start":{"line":20,"column":2},"end":{"line":36,"column":4}},"3":{"start":{"line":27,"column":28},"end":{"line":27,"column":48}},"4":{"start":{"line":29,"column":28},"end":{"line":29,"column":45}},"5":{"start":{"line":32,"column":38},"end":{"line":32,"column":57}},"6":{"start":{"line":39,"column":27},"end":{"line":43,"column":2}},"7":{"start":{"line":39,"column":40},"end":{"line":43,"column":1}},"8":{"start":{"line":40,"column":21},"end":{"line":40,"column":54}},"9":{"start":{"line":41,"column":19},"end":{"line":41,"column":42}},"10":{"start":{"line":42,"column":22},"end":{"line":42,"column":48}}},"fnMap":{"0":{"name":"(anonymous_0)","decl":{"start":{"line":18,"column":21},"end":{"line":18,"column":22}},"loc":{"start":{"line":18,"column":71},"end":{"line":37,"column":1}},"line":18},"1":{"name":"(anonymous_1)","decl":{"start":{"line":27,"column":22},"end":{"line":27,"column":23}},"loc":{"start":{"line":27,"column":28},"end":{"line":27,"column":48}},"line":27},"2":{"name":"(anonymous_2)","decl":{"start":{"line":29,"column":22},"end":{"line":29,"column":23}},"loc":{"start":{"line":29,"column":28},"end":{"line":29,"column":45}},"line":29},"3":{"name":"(anonymous_3)","decl":{"start":{"line":32,"column":32},"end":{"line":32,"column":33}},"loc":{"start":{"line":32,"column":38},"end":{"line":32,"column":57}},"line":32},"4":{"name":"(anonymous_4)","decl":{"start":{"line":39,"column":27},"end":{"line":39,"column":28}},"loc":{"start":{"line":39,"column":40},"end":{"line":43,"column":1}},"line":39},"5":{"name":"(anonymous_5)","decl":{"start":{"line":40,"column":13},"end":{"line":40,"column":14}},"loc":{"start":{"line":40,"column":21},"end":{"line":40,"column":54}},"line":40},"6":{"name":"(anonymous_6)","decl":{"start":{"line":41,"column":11},"end":{"line":41,"column":12}},"loc":{"start":{"line":41,"column":19},"end":{"line":41,"column":42}},"line":41},"7":{"name":"(anonymous_7)","decl":{"start":{"line":42,"column":14},"end":{"line":42,"column":15}},"loc":{"start":{"line":42,"column":22},"end":{"line":42,"column":48}},"line":42}},"branchMap":{},"s":{"0":0,"1":0,"2":0,"3":0,"4":0,"5":0,"6":0,"7":0,"8":0,"9":0,"10":0},"f":{"0":0,"1":0,"2":0,"3":0,"4":0,"5":0,"6":0,"7":0},"b":{},"hash":"72f117f842ae262198817724934bcdd22dfa47b2"}
,"C:\\Users\\Raul\\Desktop\\projects\\cloting-ecommerce\\client\\src\\components\\checkout-item\\checkout-item.styles.jsx": {"path":"C:\\Users\\Raul\\Desktop\\projects\\cloting-ecommerce\\client\\src\\components\\checkout-item\\checkout-item.styles.jsx","statementMap":{"0":{"start":{"line":3,"column":31},"end":{"line":12,"column":1}},"1":{"start":{"line":14,"column":24},"end":{"line":22,"column":1}},"2":{"start":{"line":24,"column":23},"end":{"line":31,"column":1}},"3":{"start":{"line":33,"column":27},"end":{"line":43,"column":1}},"4":{"start":{"line":45,"column":31},"end":{"line":54,"column":1}}},"fnMap":{},"branchMap":{},"s":{"0":0,"1":0,"2":0,"3":0,"4":0},"f":{},"b":{},"hash":"272f1af2c614c1af481d2da5b093bf24f242e497"}
,"C:\\Users\\Raul\\Desktop\\projects\\cloting-ecommerce\\client\\src\\components\\error-boundary\\ErrorBoundary.component.jsx": {"path":"C:\\Users\\Raul\\Desktop\\projects\\cloting-ecommerce\\client\\src\\components\\error-boundary\\ErrorBoundary.component.jsx","statementMap":{"0":{"start":{"line":5,"column":4},"end":{"line":5,"column":12}},"1":{"start":{"line":6,"column":4},"end":{"line":8,"column":5}},"2":{"start":{"line":13,"column":4},"end":{"line":13,"column":31}},"3":{"start":{"line":18,"column":4},"end":{"line":18,"column":23}},"4":{"start":{"line":22,"column":4},"end":{"line":27,"column":5}},"5":{"start":{"line":23,"column":6},"end":{"line":26,"column":12}},"6":{"start":{"line":28,"column":4},"end":{"line":28,"column":30}}},"fnMap":{"0":{"name":"(anonymous_0)","decl":{"start":{"line":4,"column":2},"end":{"line":4,"column":3}},"loc":{"start":{"line":4,"column":15},"end":{"line":9,"column":3}},"line":4},"1":{"name":"(anonymous_1)","decl":{"start":{"line":11,"column":2},"end":{"line":11,"column":3}},"loc":{"start":{"line":11,"column":40},"end":{"line":14,"column":3}},"line":11},"2":{"name":"(anonymous_2)","decl":{"start":{"line":17,"column":2},"end":{"line":17,"column":3}},"loc":{"start":{"line":17,"column":33},"end":{"line":19,"column":3}},"line":17},"3":{"name":"(anonymous_3)","decl":{"start":{"line":21,"column":2},"end":{"line":21,"column":3}},"loc":{"start":{"line":21,"column":11},"end":{"line":29,"column":3}},"line":21}},"branchMap":{"0":{"loc":{"start":{"line":22,"column":4},"end":{"line":27,"column":5}},"type":"if","locations":[{"start":{"line":22,"column":4},"end":{"line":27,"column":5}},{"start":{"line":22,"column":4},"end":{"line":27,"column":5}}],"line":22}},"s":{"0":0,"1":0,"2":0,"3":0,"4":0,"5":0,"6":0},"f":{"0":0,"1":0,"2":0,"3":0},"b":{"0":[0,0]},"_coverageSchema":"43e27e138ebf9cfc5966b082cf9a028302ed4184","hash":"3b77967d770a9a5f2ffc409194bcfa2ea4a451d2"}
,"C:\\Users\\Raul\\Desktop\\projects\\cloting-ecommerce\\client\\src\\components\\sign-in\\sign-in.component.jsx": {"path":"C:\\Users\\Raul\\Desktop\\projects\\cloting-ecommerce\\client\\src\\components\\sign-in\\sign-in.component.jsx","statementMap":{"0":{"start":{"line":16,"column":15},"end":{"line":64,"column":1}},"1":{"start":{"line":17,"column":29},"end":{"line":20,"column":4}},"2":{"start":{"line":21,"column":31},"end":{"line":21,"column":35}},"3":{"start":{"line":23,"column":23},"end":{"line":26,"column":3}},"4":{"start":{"line":24,"column":4},"end":{"line":24,"column":23}},"5":{"start":{"line":25,"column":4},"end":{"line":25,"column":42}},"6":{"start":{"line":28,"column":23},"end":{"line":31,"column":6}},"7":{"start":{"line":28,"column":28},"end":{"line":31,"column":6}},"8":{"start":{"line":33,"column":2},"end":{"line":63,"column":3}}},"fnMap":{"0":{"name":"(anonymous_0)","decl":{"start":{"line":16,"column":15},"end":{"line":16,"column":16}},"loc":{"start":{"line":16,"column":61},"end":{"line":64,"column":1}},"line":16},"1":{"name":"(anonymous_1)","decl":{"start":{"line":23,"column":23},"end":{"line":23,"column":24}},"loc":{"start":{"line":23,"column":33},"end":{"line":26,"column":3}},"line":23},"2":{"name":"(anonymous_2)","decl":{"start":{"line":28,"column":23},"end":{"line":28,"column":24}},"loc":{"start":{"line":28,"column":28},"end":{"line":31,"column":6}},"line":28}},"branchMap":{},"s":{"0":0,"1":0,"2":0,"3":0,"4":0,"5":0,"6":0,"7":0,"8":0},"f":{"0":0,"1":0,"2":0},"b":{},"hash":"4612e0d69430687eac9708d51f6ff7319aa65229"}
}
